<?xml version="1.0" encoding="UTF-8"?>
<!-- Generated by org.testng.reporters.JUnitReportReporter -->
<testsuite hostname="lhv-ec2-dev35" name="lhv.trinet.expense.TestLoginExpense" tests="2" failures="0" timestamp="22 Dec 2016 08:30:08 GMT" time="17.920" errors="0">
  <testcase name="verifyUserLoggedSuccessfully" time="0.233" classname="lhv.trinet.expense.TestLoginExpense"/>
  <testcase name="loginExistedExpenseAccount" time="17.687" classname="lhv.trinet.expense.TestLoginExpense"/>
</testsuite> <!-- lhv.trinet.expense.TestLoginExpense -->
